[WARN] unknown_word - In sentence: 'socrates did not write any books.': socrates
[WARN] unknown_word - In sentence: 'socrates did not write any books.': any
[WARN] unknown_word - In sentence: 'socrates did not write any books.': books.
[WARN] unknown_word - In sentence: 'plato is a student of socrates.': plato
[WARN] unknown_word - In sentence: 'plato is a student of socrates.': is
[WARN] unknown_word - In sentence: 'plato is a student of socrates.': a
[WARN] unknown_word - In sentence: 'plato is a student of socrates.': of
[WARN] unknown_word - In sentence: 'plato is a student of socrates.': socrates.
[WARN] unknown_word - In sentence: 'plato wrote books and put words into socrates mouth.': words
[WARN] unknown_word - In sentence: 'plato wrote books and put words into socrates mouth.': into
[WARN] unknown_word - In sentence: 'plato wrote books and put words into socrates mouth.': mouth.
[WARN] unknown_word - In sentence: 'c': c
[WARN] unknown_word - In sentence: 'ca': ca
[WARN] unknown_word - In sentence: 'carg': carg
[WARN] unknown_word - In sentence: 'cargo i': i
[WARN] unknown_word - In sentence: 'cargo is r': r
[WARN] unknown_word - In sentence: 'cargo is ru': ru
[WARN] unknown_word - In sentence: 'cargo is runni': runni
[WARN] unknown_word - In sentence: 'cargo is runnin': runnin
[WARN] unknown_word - In sentence: 'socrates did not write any books.': socrates
[WARN] unknown_word - In sentence: 'socrates did not write any books.': any
[WARN] unknown_word - In sentence: 'socrates did not write any books.': books.
[WARN] unknown_word - In sentence: 'plato is a student of socrates.': plato
[WARN] unknown_word - In sentence: 'plato is a student of socrates.': is
[WARN] unknown_word - In sentence: 'plato is a student of socrates.': a
[WARN] unknown_word - In sentence: 'plato is a student of socrates.': of
[WARN] unknown_word - In sentence: 'plato is a student of socrates.': socrates.
[WARN] unknown_word - In sentence: 'plato wrote books and put words into socrates mouth.': words
[WARN] unknown_word - In sentence: 'plato wrote books and put words into socrates mouth.': into
[WARN] unknown_word - In sentence: 'plato wrote books and put words into socrates mouth.': mouth.
[WARN] unknown_word - In sentence: 'b': b
[WARN] unknown_word - In sentence: 'socrates did not write any books.': socrates
[WARN] unknown_word - In sentence: 'socrates did not write any books.': any
[WARN] unknown_word - In sentence: 'socrates did not write any books.': books.
[WARN] unknown_word - In sentence: 'plato is a student of socrates.': plato
[WARN] unknown_word - In sentence: 'plato is a student of socrates.': is
[WARN] unknown_word - In sentence: 'plato is a student of socrates.': a
[WARN] unknown_word - In sentence: 'plato is a student of socrates.': of
[WARN] unknown_word - In sentence: 'plato is a student of socrates.': socrates.
[WARN] unknown_word - In sentence: 'plato wrote books and put words into socrates mouth.': words
[WARN] unknown_word - In sentence: 'plato wrote books and put words into socrates mouth.': into
[WARN] unknown_word - In sentence: 'plato wrote books and put words into socrates mouth.': mouth.
[WARN] unknown_word - In sentence: 'socrates did not write any books.': socrates
[WARN] unknown_word - In sentence: 'socrates did not write any books.': any
[WARN] unknown_word - In sentence: 'socrates did not write any books.': books.
[WARN] unknown_word - In sentence: 'plato is a student of socrates.': plato
[WARN] unknown_word - In sentence: 'plato is a student of socrates.': is
[WARN] unknown_word - In sentence: 'plato is a student of socrates.': a
[WARN] unknown_word - In sentence: 'plato is a student of socrates.': of
[WARN] unknown_word - In sentence: 'plato is a student of socrates.': socrates.
[WARN] unknown_word - In sentence: 'plato wrote books and put words into socrates mouth.': words
[WARN] unknown_word - In sentence: 'plato wrote books and put words into socrates mouth.': into
[WARN] unknown_word - In sentence: 'plato wrote books and put words into socrates mouth.': mouth.
[WARN] unknown_word - In sentence: 'socrates did not write any books.': socrates
[WARN] unknown_word - In sentence: 'socrates did not write any books.': any
[WARN] unknown_word - In sentence: 'socrates did not write any books.': books.
[WARN] unknown_word - In sentence: 'plato is a student of socrates.': plato
[WARN] unknown_word - In sentence: 'plato is a student of socrates.': is
[WARN] unknown_word - In sentence: 'plato is a student of socrates.': a
[WARN] unknown_word - In sentence: 'plato is a student of socrates.': of
[WARN] unknown_word - In sentence: 'plato is a student of socrates.': socrates.
[WARN] unknown_word - In sentence: 'plato wrote books and put words into socrates mouth.': words
[WARN] unknown_word - In sentence: 'plato wrote books and put words into socrates mouth.': into
[WARN] unknown_word - In sentence: 'plato wrote books and put words into socrates mouth.': mouth.
[WARN] unknown_word - In sentence: 'socrates did not write any books.': socrates
[WARN] unknown_word - In sentence: 'socrates did not write any books.': any
[WARN] unknown_word - In sentence: 'socrates did not write any books.': books.
[WARN] unknown_word - In sentence: 'plato is a student of socrates.': plato
[WARN] unknown_word - In sentence: 'plato is a student of socrates.': is
[WARN] unknown_word - In sentence: 'plato is a student of socrates.': a
[WARN] unknown_word - In sentence: 'plato is a student of socrates.': of
[WARN] unknown_word - In sentence: 'plato is a student of socrates.': socrates.
[WARN] unknown_word - In sentence: 'plato wrote books and put words into socrates mouth.': words
[WARN] unknown_word - In sentence: 'plato wrote books and put words into socrates mouth.': into
[WARN] unknown_word - In sentence: 'plato wrote books and put words into socrates mouth.': mouth.
[WARN] unknown_word - In sentence: 'socrates did not write any books.': socrates
[WARN] unknown_word - In sentence: 'socrates did not write any books.': any
[WARN] unknown_word - In sentence: 'socrates did not write any books.': books.
[WARN] unknown_word - In sentence: 'plato is a student of socrates.': plato
[WARN] unknown_word - In sentence: 'plato is a student of socrates.': is
[WARN] unknown_word - In sentence: 'plato is a student of socrates.': a
[WARN] unknown_word - In sentence: 'plato is a student of socrates.': of
[WARN] unknown_word - In sentence: 'plato is a student of socrates.': socrates.
[WARN] unknown_word - In sentence: 'plato wrote books and put words into socrates mouth.': words
[WARN] unknown_word - In sentence: 'plato wrote books and put words into socrates mouth.': into
[WARN] unknown_word - In sentence: 'plato wrote books and put words into socrates mouth.': mouth.
[WARN] unknown_word - In sentence: 'socrates did not write any books.': socrates
[WARN] unknown_word - In sentence: 'socrates did not write any books.': any
[WARN] unknown_word - In sentence: 'socrates did not write any books.': books.
[WARN] unknown_word - In sentence: 'plato is a student of socrates.': plato
[WARN] unknown_word - In sentence: 'plato is a student of socrates.': is
[WARN] unknown_word - In sentence: 'plato is a student of socrates.': a
[WARN] unknown_word - In sentence: 'plato is a student of socrates.': of
[WARN] unknown_word - In sentence: 'plato is a student of socrates.': socrates.
[WARN] unknown_word - In sentence: 'plato wrote books and put words into socrates mouth.': words
[WARN] unknown_word - In sentence: 'plato wrote books and put words into socrates mouth.': into
[WARN] unknown_word - In sentence: 'plato wrote books and put words into socrates mouth.': mouth.
[WARN] unknown_word - In sentence: 'socrates did not write any books.': socrates
[WARN] unknown_word - In sentence: 'socrates did not write any books.': any
[WARN] unknown_word - In sentence: 'socrates did not write any books.': books.
[WARN] unknown_word - In sentence: 'plato is a student of socrates.': plato
[WARN] unknown_word - In sentence: 'plato is a student of socrates.': is
[WARN] unknown_word - In sentence: 'plato is a student of socrates.': a
[WARN] unknown_word - In sentence: 'plato is a student of socrates.': of
[WARN] unknown_word - In sentence: 'plato is a student of socrates.': socrates.
[WARN] unknown_word - In sentence: 'plato wrote books and put words into socrates mouth.': words
[WARN] unknown_word - In sentence: 'plato wrote books and put words into socrates mouth.': into
[WARN] unknown_word - In sentence: 'plato wrote books and put words into socrates mouth.': mouth.
[WARN] unknown_word - In sentence: 'socrates did not write any books.': socrates
[WARN] unknown_word - In sentence: 'socrates did not write any books.': any
[WARN] unknown_word - In sentence: 'socrates did not write any books.': books.
[WARN] unknown_word - In sentence: 'plato is a student of socrates.': plato
[WARN] unknown_word - In sentence: 'plato is a student of socrates.': is
[WARN] unknown_word - In sentence: 'plato is a student of socrates.': a
[WARN] unknown_word - In sentence: 'plato is a student of socrates.': of
[WARN] unknown_word - In sentence: 'plato is a student of socrates.': socrates.
[WARN] unknown_word - In sentence: 'plato wrote books and put words into socrates mouth.': words
[WARN] unknown_word - In sentence: 'plato wrote books and put words into socrates mouth.': into
[WARN] unknown_word - In sentence: 'plato wrote books and put words into socrates mouth.': mouth.
[WARN] unknown_word - In sentence: 'socrates did not write any books.': socrates
[WARN] unknown_word - In sentence: 'socrates did not write any books.': any
[WARN] unknown_word - In sentence: 'socrates did not write any books.': books.
[WARN] unknown_word - In sentence: 'plato is a student of socrates.': plato
[WARN] unknown_word - In sentence: 'plato is a student of socrates.': is
[WARN] unknown_word - In sentence: 'plato is a student of socrates.': a
[WARN] unknown_word - In sentence: 'plato is a student of socrates.': of
[WARN] unknown_word - In sentence: 'plato is a student of socrates.': socrates.
[WARN] unknown_word - In sentence: 'plato wrote books and put words into socrates mouth.': words
[WARN] unknown_word - In sentence: 'plato wrote books and put words into socrates mouth.': into
[WARN] unknown_word - In sentence: 'plato wrote books and put words into socrates mouth.': mouth.
[WARN] unknown_word - In sentence: 'socrates did not write any books.': socrates
[WARN] unknown_word - In sentence: 'socrates did not write any books.': any
[WARN] unknown_word - In sentence: 'socrates did not write any books.': books.
[WARN] unknown_word - In sentence: 'plato is a student of socrates.': plato
[WARN] unknown_word - In sentence: 'plato is a student of socrates.': is
[WARN] unknown_word - In sentence: 'plato is a student of socrates.': a
[WARN] unknown_word - In sentence: 'plato is a student of socrates.': of
[WARN] unknown_word - In sentence: 'plato is a student of socrates.': socrates.
[WARN] unknown_word - In sentence: 'plato wrote books and put words into socrates mouth.': words
[WARN] unknown_word - In sentence: 'plato wrote books and put words into socrates mouth.': into
[WARN] unknown_word - In sentence: 'plato wrote books and put words into socrates mouth.': mouth.
[WARN] unknown_word - In sentence: 'socrates did not write any books.': socrates
[WARN] unknown_word - In sentence: 'socrates did not write any books.': any
[WARN] unknown_word - In sentence: 'socrates did not write any books.': books.
[WARN] unknown_word - In sentence: 'plato is a student of socrates.': plato
[WARN] unknown_word - In sentence: 'plato is a student of socrates.': is
[WARN] unknown_word - In sentence: 'plato is a student of socrates.': a
[WARN] unknown_word - In sentence: 'plato is a student of socrates.': of
[WARN] unknown_word - In sentence: 'plato is a student of socrates.': socrates.
[WARN] unknown_word - In sentence: 'plato wrote books and put words into socrates mouth.': words
[WARN] unknown_word - In sentence: 'plato wrote books and put words into socrates mouth.': into
[WARN] unknown_word - In sentence: 'plato wrote books and put words into socrates mouth.': mouth.
[WARN] unknown_word - In sentence: 'socrates did not write any books.': socrates
[WARN] unknown_word - In sentence: 'socrates did not write any books.': any
[WARN] unknown_word - In sentence: 'socrates did not write any books.': books.
[WARN] unknown_word - In sentence: 'plato is a student of socrates.': plato
[WARN] unknown_word - In sentence: 'plato is a student of socrates.': is
[WARN] unknown_word - In sentence: 'plato is a student of socrates.': a
[WARN] unknown_word - In sentence: 'plato is a student of socrates.': of
[WARN] unknown_word - In sentence: 'plato is a student of socrates.': socrates.
[WARN] unknown_word - In sentence: 'plato wrote books and put words into socrates mouth.': words
[WARN] unknown_word - In sentence: 'plato wrote books and put words into socrates mouth.': into
[WARN] unknown_word - In sentence: 'plato wrote books and put words into socrates mouth.': mouth.
[WARN] unknown_word - In sentence: 'socrates did not write any books.': socrates
[WARN] unknown_word - In sentence: 'socrates did not write any books.': any
[WARN] unknown_word - In sentence: 'socrates did not write any books.': books.
[WARN] unknown_word - In sentence: 'plato is a student of socrates.': plato
[WARN] unknown_word - In sentence: 'plato is a student of socrates.': is
[WARN] unknown_word - In sentence: 'plato is a student of socrates.': a
[WARN] unknown_word - In sentence: 'plato is a student of socrates.': of
[WARN] unknown_word - In sentence: 'plato is a student of socrates.': socrates.
[WARN] unknown_word - In sentence: 'plato wrote books and put words into socrates mouth.': words
[WARN] unknown_word - In sentence: 'plato wrote books and put words into socrates mouth.': into
[WARN] unknown_word - In sentence: 'plato wrote books and put words into socrates mouth.': mouth.
[WARN] unknown_word - In sentence: 'socrates did not write any books.': socrates
[WARN] unknown_word - In sentence: 'socrates did not write any books.': any
[WARN] unknown_word - In sentence: 'socrates did not write any books.': books.
[WARN] unknown_word - In sentence: 'plato is a student of socrates.': plato
[WARN] unknown_word - In sentence: 'plato is a student of socrates.': is
[WARN] unknown_word - In sentence: 'plato is a student of socrates.': a
[WARN] unknown_word - In sentence: 'plato is a student of socrates.': of
[WARN] unknown_word - In sentence: 'plato is a student of socrates.': socrates.
[WARN] unknown_word - In sentence: 'plato wrote books and put words into socrates mouth.': words
[WARN] unknown_word - In sentence: 'plato wrote books and put words into socrates mouth.': into
[WARN] unknown_word - In sentence: 'plato wrote books and put words into socrates mouth.': mouth.
